[debug] [2024-10-01T04:37:32.660Z] ----------------------------------------------------------------------
[debug] [2024-10-01T04:37:32.662Z] Command:       /Users/devenpatel/.nvm/versions/node/v20.17.0/bin/node /Users/devenpatel/.nvm/versions/node/v20.17.0/bin/firebase deploy --only functions
[debug] [2024-10-01T04:37:32.662Z] CLI Version:   13.20.1
[debug] [2024-10-01T04:37:32.662Z] Platform:      darwin
[debug] [2024-10-01T04:37:32.662Z] Node Version:  v20.17.0
[debug] [2024-10-01T04:37:32.662Z] Time:          Tue Oct 01 2024 00:37:32 GMT-0400 (Eastern Daylight Time)
[debug] [2024-10-01T04:37:32.662Z] ----------------------------------------------------------------------
[debug] 
[debug] [2024-10-01T04:37:32.703Z] > command requires scopes: ["email","openid","https://www.googleapis.com/auth/cloudplatformprojects.readonly","https://www.googleapis.com/auth/firebase","https://www.googleapis.com/auth/cloud-platform"]
[debug] [2024-10-01T04:37:32.703Z] > authorizing via signed-in user (deven@shareablesapp.com)
[debug] [2024-10-01T04:37:32.703Z] [iam] checking project shareablesapp-b7366 for permissions ["cloudfunctions.functions.create","cloudfunctions.functions.delete","cloudfunctions.functions.get","cloudfunctions.functions.list","cloudfunctions.functions.update","cloudfunctions.operations.get","firebase.projects.get"]
[debug] [2024-10-01T04:37:32.703Z] Checked if tokens are valid: false, expires at: 1727648791229
[debug] [2024-10-01T04:37:32.704Z] Checked if tokens are valid: false, expires at: 1727648791229
[debug] [2024-10-01T04:37:32.704Z] > refreshing access token with scopes: []
[debug] [2024-10-01T04:37:32.705Z] >>> [apiv2][query] POST https://www.googleapis.com/oauth2/v3/token [none]
[debug] [2024-10-01T04:37:32.705Z] >>> [apiv2][body] POST https://www.googleapis.com/oauth2/v3/token [omitted]
[debug] [2024-10-01T04:37:32.863Z] <<< [apiv2][status] POST https://www.googleapis.com/oauth2/v3/token 400
[debug] [2024-10-01T04:37:32.863Z] <<< [apiv2][body] POST https://www.googleapis.com/oauth2/v3/token [omitted]
[debug] [2024-10-01T04:37:32.863Z] [iam] error while checking permissions, command may fail: FirebaseError: Authentication Error: Your credentials are no longer valid. Please run firebase login --reauth

For CI servers and headless environments, generate a new token with firebase login:ci
[debug] [2024-10-01T04:37:32.863Z] Checked if tokens are valid: false, expires at: 1727648791229
[debug] [2024-10-01T04:37:32.863Z] Checked if tokens are valid: false, expires at: 1727648791229
[debug] [2024-10-01T04:37:32.863Z] > refreshing access token with scopes: []
[debug] [2024-10-01T04:37:32.864Z] >>> [apiv2][query] POST https://www.googleapis.com/oauth2/v3/token [none]
[debug] [2024-10-01T04:37:32.864Z] >>> [apiv2][body] POST https://www.googleapis.com/oauth2/v3/token [omitted]
[debug] [2024-10-01T04:37:32.942Z] <<< [apiv2][status] POST https://www.googleapis.com/oauth2/v3/token 400
[debug] [2024-10-01T04:37:32.942Z] <<< [apiv2][body] POST https://www.googleapis.com/oauth2/v3/token [omitted]
[debug] [2024-10-01T04:37:32.942Z] [functions] service account IAM check errored, deploy may fail: Authentication Error: Your credentials are no longer valid. Please run firebase login --reauth

For CI servers and headless environments, generate a new token with firebase login:ci {"name":"FirebaseError","children":[],"exit":1,"message":"Authentication Error: Your credentials are no longer valid. Please run \u001b[1mfirebase login --reauth\u001b[22m\n\nFor CI servers and headless environments, generate a new token with \u001b[1mfirebase login:ci\u001b[22m","status":500}
[info] 
[info] === Deploying to 'shareablesapp-b7366'...
[info] 
[info] i  deploying functions 
[info] Running command: npm --prefix "$RESOURCE_DIR" run build
[info] ✔  functions: Finished running predeploy script. 
[debug] [2024-10-01T04:37:36.553Z] Checked if tokens are valid: false, expires at: 1727648791229
[debug] [2024-10-01T04:37:36.553Z] Checked if tokens are valid: false, expires at: 1727648791229
[debug] [2024-10-01T04:37:36.553Z] > refreshing access token with scopes: []
[debug] [2024-10-01T04:37:36.554Z] >>> [apiv2][query] POST https://www.googleapis.com/oauth2/v3/token [none]
[debug] [2024-10-01T04:37:36.554Z] >>> [apiv2][body] POST https://www.googleapis.com/oauth2/v3/token [omitted]
[debug] [2024-10-01T04:37:36.633Z] <<< [apiv2][status] POST https://www.googleapis.com/oauth2/v3/token 400
[debug] [2024-10-01T04:37:36.633Z] <<< [apiv2][body] POST https://www.googleapis.com/oauth2/v3/token [omitted]
[debug] [2024-10-01T04:37:36.633Z] Authentication Error: Your credentials are no longer valid. Please run firebase login --reauth

For CI servers and headless environments, generate a new token with firebase login:ci
[debug] [2024-10-01T04:37:36.634Z] FirebaseError: Authentication Error: Your credentials are no longer valid. Please run firebase login --reauth

For CI servers and headless environments, generate a new token with firebase login:ci
    at invalidCredentialError (/Users/devenpatel/.nvm/versions/node/v20.17.0/lib/node_modules/firebase-tools/lib/auth.js:140:12)
    at refreshTokens (/Users/devenpatel/.nvm/versions/node/v20.17.0/lib/node_modules/firebase-tools/lib/auth.js:526:15)
    at process.processTicksAndRejections (node:internal/process/task_queues:95:5)
    at async getAccessToken (/Users/devenpatel/.nvm/versions/node/v20.17.0/lib/node_modules/firebase-tools/lib/apiv2.js:42:18)
    at async Client.addAuthHeader (/Users/devenpatel/.nvm/versions/node/v20.17.0/lib/node_modules/firebase-tools/lib/apiv2.js:169:21)
    at async Client.request (/Users/devenpatel/.nvm/versions/node/v20.17.0/lib/node_modules/firebase-tools/lib/apiv2.js:120:34)
    at async getFirebaseProject (/Users/devenpatel/.nvm/versions/node/v20.17.0/lib/node_modules/firebase-tools/lib/management/projects.js:295:21)
    at async needProjectNumber (/Users/devenpatel/.nvm/versions/node/v20.17.0/lib/node_modules/firebase-tools/lib/projectUtils.js:46:22)
    at async prepare (/Users/devenpatel/.nvm/versions/node/v20.17.0/lib/node_modules/firebase-tools/lib/deploy/functions/prepare.js:35:27)
    at async chain (/Users/devenpatel/.nvm/versions/node/v20.17.0/lib/node_modules/firebase-tools/lib/deploy/index.js:40:9)
[error] 
[error] Error: Failed to get Firebase project shareablesapp-b7366. Please make sure the project exists and your account has permission to access it.
